25110 6.06496841405
25129 1.68567728522
25113 1.43620401505
CAN43 1.08520987727
25142 0.379792297325
CAN98 0.0277540088768
CANA6 4.65360116053
25145 0.384330947328
CAN47 2.11291403856
CAN46 0.567562776575
CAN52 2.52318727591
25105 5.92752349962
25115 5.63630621008
CAN53 5.4858042093
CAN49 0.494175617609
CAN48 1.81321202027
94108 0.186003373633
CAN42 4.51360434143
25118 1.00131023939
25101 3.24721411516
CAN44 1.48005421363
25119 4.37937522337
CAN05 0.375107829808
CAN50 2.28648326155
CAN45 3.02772110327
CAN04 3.94222396537
CAN51 0.875079839032
CAN03 0.648468434965
CANA4 2.27950485493
16903 1.09486837759
26005 4.78227309192
CAN39 2.02548332644
16914 3.53052081725
CAN93 1.69177030048
CAN69 0.963290725616
16801 2.00677134127
CAN37 1.12821562041
CANA5 0.657173557605
16895 4.96551835041
16603 4.7439810154
CANA7 5.40414087705
CAN86 0.77250364654
CAN38 1.25048339198
CAN40 2.02190055469
17901 1.24001189953
CAN79 2.50417889541
CAN80 2.16142479053
CAN81 0.732050952521
14636 0.00885499425836
14673 6.06559178289
CAN82 2.4945433039
14642 1.26851642669
14633 0.870758947637
CAN84 6.04942970389
14646 1.83190674966
14675 5.26156399359
14647 5.68747994091
CAN85 1.28637638
CAN06 1.67137831797
14522 0.758047392584
CAN87 2.42916486612
CAN88 3.3678679729
CAN95 2.20441615666
15503 0.361241311065
CAN83 1.86958125937
CAN89 3.98519155326
15504 3.55340691385
14523 0.806389023013
14509 6.15870561817
15601 0.439485251955
15642 1.32264508932
CAN90 3.04882339504
CAN91 2.2686205341
CAN92 1.84760159021
14506 1.31650215554
14521 1.32318217769
14503 2.94523419558
CAN94 1.66455173256
15628 2.62552127682
26325 0.807473825868
CAN24 0.678713557959
CAN58 4.23885976271
CAN28 4.50139318304
CAN29 5.95648998208
CAN30 3.90394843693
CAN31 5.06072062744
26316 0.516459343489
14997 5.90031223171
15901 5.43880827911
25009 5.60517687874
CAN96 2.57560752639
CAN63 1.7495740139
CAN60 4.75530801308
CAN61 5.9969987444
CAN62 5.63769106453
94912 4.94551014724
CAN59 1.35763754359
25004 0.152494073058
15919 0.11675840757
14996 0.700258546246
14688 1.47722304766
14645 1.20649521119
CAN08 0.809575163471
94932 0.463946759986
15806 0.101415348453
CAN17 5.84746316525
CAN67 5.72503319787
94797 0.719205447748
CAN10 5.22096661451
94803 5.31436467971
CAN64 1.51588163768
04797 1.24834365913
14899 4.51151653228
14999 2.38967736224
CAN68 3.15620153089
CAN15 3.41370498636
94805 0.677439680817
CANA1 0.296242974177
94857 5.60586057534
04704 6.04868634807
CAN65 0.953328163047
04705 1.14626993115
CAN14 2.18009610699
04772 2.18859818047
CAN70 4.69906141402
CAN99 4.1752635269
94842 6.2539321144
94858 0.712847392227
15909 6.12500748944
CAN16 0.309420054304
CAN71 4.11116736175
94828 1.29292892289
94804 0.139211383938
94831 5.14963318413
CAN72 3.78002753498
CANA2 0.751070812771
04795 1.17830063181
94791 1.17856580481
04714 1.04519047747
04715 5.18598461486
CAN66 0.414032614193
94809 3.77505330434
94810 0.379419438133
94795 2.53006083136
14627 3.70388217419
CAN74 2.9839869424
CAN75 5.21988211022
CAN73 0.137673036474
CAN13 3.66273210055
15701 3.61985037576
15605 1.17993375942
CANA8 0.385641860858
73715 0.564376314513
CAN07 0.421276038655
14639 4.20972707701
94792 3.01245685668
04770 3.00105820505
75290 1.09784506603
15703 1.80502159195
04708 2.47671007666
CAN12 4.49539637558
04752 1.66831595515
15619 5.25621305742
77912 5.48749027406
04785 4.98407302283
04712 2.86735416066
04790 5.30949832757
04730 1.73753097089
25030 3.23726118861
CANA3 3.72644432673
24092 1.48405966375
CAN57 1.07868463992
CAN54 3.79130795589
CAN55 5.14997890701
25018 0.168550858028
25012 5.60792065861
25013 0.129851976838
25005 1.56928915658
25015 0.462112432038
CAN56 3.24480027349
25028 2.19990053065
CAN02 0.0192420501539
25029 1.88669451462
25017 5.96821121778
CAN76 1.54569599103
14683 0.652571525149
14670 5.8064712009
14631 6.17744577129
14625 1.27089582886
14643 4.97108900715
CAN78 6.04276330647
27202 3.93699472942
CAN32 0.808077000033
CAN33 6.23961087198
CAN35 4.23163094218
CAN34 0.578494491151
26102 3.32334978895
CAN36 0.420381367197
22258 2.16154627119
26202 4.35373389845
CAN41 5.95266881193
26110 5.57422195616
24288 5.26533574296
CAN26 1.62182017849
25342 4.95445371415
94110 3.08616430867
24292 6.17301300269
94157 5.87396144289
25218 5.38467145778
25231 5.73921018722
25220 6.26131150605
CAN22 0.187191239743
CAN25 2.33220388427
CAN21 2.05538763208
CAN20 1.50978051525
CAN97 1.90727519508
94116 0.00457863228804
25223 6.0654957689
25206 5.70817203314
25353 4.53259340399
CAN23 1.86954910965
25224 4.07841998743
25346 4.02986155439
25225 5.61654187229
CAN27 5.5195736349
CAN09 5.32366816827
94152 0.0031495302299
25229 4.78865057096
94234 6.02170976071
24287 0.027027080906
94238 0.027027080906
CAN18 1.29222339281
24297 6.15058325269
CAN19 3.18864226356
25247 5.65392077758
