25110 0.538497744114
25129 0.733156540949
25113 0.586347356313
CAN43 0.419719582709
25142 0.536434556179
CAN98 0.715866686904
CANA6 0.679536047224
25145 0.527338396312
CAN47 0.644984940217
CAN46 0.688142807455
CAN52 0.579371386421
25105 0.707793148856
25115 0.651490051506
CAN53 0.665568933796
CAN49 0.636506507924
CAN48 0.689372011334
94108 0.514547520255
CAN42 0.572406058791
25118 0.608652120574
25101 0.629650065869
CAN44 0.416770492834
25119 0.582640151867
CAN05 0.647747646801
CAN50 0.726346425644
CAN45 0.506688384451
CAN04 0.571785905909
CAN51 0.643580033833
CAN03 0.670490950234
CANA4 0.365596876292
16903 0.696726122165
26005 0.686914181016
CAN39 0.0505373579001
16914 0.712821866902
CAN93 0.379793563716
CAN69 0.716823256604
16801 0.495938874213
CAN37 0.710354857817
CANA5 0.856430085387
16895 0.539843056286
16603 0.634532118151
CANA7 6.17732184704
CAN86 0.595724152959
CAN38 0.674444436086
CAN40 0.567704600376
17901 0.585605986849
CAN79 0.422150068697
CAN80 0.492746728672
CAN81 0.42303266056
14636 0.612125970716
14673 0.556518957316
CAN82 0.555108502121
14642 0.258332442678
14633 0.534533590689
CAN84 0.381755998862
14646 0.346569947071
14675 0.611113007462
14647 0.350497411353
CAN85 0.57638947656
CAN06 0.783934299536
14522 0.518389029998
CAN87 0.60854187947
CAN88 0.439685062492
CAN95 0.598294944588
15503 0.645436366541
CAN83 0.748706147859
CAN89 0.571567498192
15504 0.531419133438
14523 0.570808873964
14509 0.607168355942
15601 0.760865840685
15642 0.656348857198
CAN90 0.350894039902
CAN91 0.343737546261
CAN92 0.510672049549
14506 0.410179627307
14521 0.409660841853
14503 0.430275716301
CAN94 0.686357629977
15628 0.717244655929
26325 0.487558421176
CAN24 0.687208524078
CAN58 0.565120238252
CAN28 0.733856194965
CAN29 0.389578499146
CAN30 0.448342650785
CAN31 0.588800932917
26316 0.600066024847
14997 0.585068998759
15901 0.661189376138
25009 0.529417237317
CAN96 0.656614845045
CAN63 0.624633118305
CAN60 0.777394448156
CAN61 0.687153622584
CAN62 0.620835997213
94912 0.622703522
CAN59 0.633797104239
25004 0.674063615694
15919 0.67444395061
14996 0.62152415939
14688 0.542318931719
14645 0.595728004528
CAN08 0.547574587279
94932 0.607524809957
15806 0.811859688566
CAN17 0.527534244151
CAN67 0.676707465247
94797 0.705884232949
CAN10 0.611398090001
94803 0.584684581172
CAN64 0.311086447704
04797 0.512841153937
14899 0.712968062938
14999 0.74233301764
CAN68 0.601692230324
CAN15 0.66979487033
94805 0.523690063507
CANA1 0.606259210419
94857 0.478594113202
04704 0.516619307819
CAN65 0.617210710359
04705 0.746178421395
CAN14 0.79169648864
04772 0.793437793102
CAN70 0.723530544197
CAN99 0.553404510654
94842 0.560531962384
94858 0.515505560289
15909 0.707533987523
CAN16 0.574014098202
CAN71 0.542824655725
94828 0.753620129537
94804 0.573280866151
94831 0.705876856279
CAN72 0.568893725232
CANA2 0.719780239289
04795 0.562827094657
94791 0.561439549811
04714 0.56937336745
04715 0.608969259234
CAN66 0.555067682059
94809 0.472828734185
94810 0.569918539558
94795 0.728548034646
14627 0.525426390569
CAN74 0.746542846571
CAN75 0.679524661773
CAN73 0.221838117855
CAN13 0.434486084117
15701 0.594406710721
15605 0.646819198032
CANA8 0.721205608181
73715 0.657079302492
CAN07 0.959911701644
14639 0.765231798832
94792 0.773924385863
04770 0.776193681425
75290 0.694078378109
15703 0.786232917724
04708 0.698187101973
CAN12 0.737186126619
04752 0.689439354577
15619 0.815757180396
77912 0.669408294418
04785 0.61297786322
04712 0.707124354589
04790 0.689828653021
04730 0.696722298782
25030 0.540699579426
CANA3 1.26506093971
24092 0.58454578109
CAN57 0.624496166992
CAN54 0.574582947545
CAN55 0.640279468737
25018 0.511549707338
25012 0.577287912367
25013 0.55045668036
25005 0.571438198404
25015 0.529278838935
CAN56 0.916605599532
25028 0.666688992476
CAN02 0.681789373282
25029 0.573120925284
25017 0.540403229398
CAN76 0.732824838839
14683 0.666466392228
14670 0.700236585876
14631 0.635146779808
14625 0.636273841486
14643 0.54321009351
CAN78 0.750401404056
27202 0.544821403283
CAN32 0.78731650149
CAN33 0.764484394639
CAN35 0.947521210027
CAN34 0.787624965671
26102 0.641323158789
CAN36 0.594125457634
22258 0.500679131813
26202 0.72016091002
CAN41 0.497088123886
26110 0.709060262551
24288 0.53411625629
CAN26 0.652230990289
25342 0.155805509692
94110 0.883131375013
24292 0.599348137948
94157 1.00484664793
25218 0.734067618654
25231 0.776745983834
25220 0.816580214025
CAN22 0.557042401479
CAN25 0.624717201964
CAN21 0.759332731055
CAN20 0.405505277512
CAN97 0.641316241629
94116 0.626408433344
25223 0.49886991029
25206 0.665375104852
25353 0.42109649222
CAN23 0.69112483274
25224 0.669641340552
25346 0.348532887002
25225 0.682930645706
CAN27 0.682297480592
CAN09 0.445044640649
94152 0.625522439082
25229 0.698333041126
94234 0.414530435747
24287 0.589710319574
94238 0.589710319574
CAN18 0.459867502382
24297 0.424009566436
CAN19 0.480876017508
25247 0.705986163564
